<?xml version="1.0" encoding="UTF-8"?>
<!-- Generated by org.testng.reporters.JUnitXMLReporter -->
<testsuite hostname="DESKTOP-I1NLBCN" ignored="0" name="Default test" tests="6" failures="0" timestamp="2020-08-11T18:20:58 IST" time="64.914" errors="0">
  <testcase name="LoginTest" time="3.789" classname="execution.ExecuteERPtest"/>
  <testcase name="ClickOnCompanyProfile" time="8.192" classname="execution.ExecuteERPtest"/>
  <testcase name="setCompanyProfile" time="4.965" classname="execution.ExecuteERPtest"/>
  <testcase name="clickOnSettings" time="5.942" classname="execution.ExecuteERPtest"/>
  <testcase name="createUser" time="6.037" classname="execution.ExecuteERPtest"/>
  <testcase name="assignAdminrole" time="5.096" classname="execution.ExecuteERPtest"/>
</testsuite> <!-- Default test -->
