<?xml version="1.0" encoding="UTF-8"?>
<testng-results skipped="0" failed="1" ignored="0" total="6" passed="5">
  <reporter-output>
  </reporter-output>
  <suite name="Default suite" duration-ms="91490" started-at="2020-08-08T19:37:37 IST" finished-at="2020-08-08T19:39:08 IST">
    <groups>
      <group name="CompanyProfile">
        <method signature="ExecuteERPtest.ClickOnCompanyProfile()[pri:0, instance:execution.ExecuteERPtest@2a17b7b6]" name="ClickOnCompanyProfile" class="execution.ExecuteERPtest"/>
        <method signature="ExecuteERPtest.setCompanyProfile()[pri:0, instance:execution.ExecuteERPtest@2a17b7b6]" name="setCompanyProfile" class="execution.ExecuteERPtest"/>
      </group> <!-- CompanyProfile -->
    </groups>
    <test name="Default test" duration-ms="91490" started-at="2020-08-08T19:37:37 IST" finished-at="2020-08-08T19:39:08 IST">
      <class name="execution.ExecuteERPtest">
        <test-method status="PASS" signature="setUp()[pri:0, instance:execution.ExecuteERPtest@2a17b7b6]" name="setUp" is-config="true" duration-ms="20901" started-at="2020-08-08T19:37:37 IST" finished-at="2020-08-08T19:37:58 IST">
          <reporter-output>
          </reporter-output>
        </test-method> <!-- setUp -->
        <test-method status="PASS" signature="LoginTest()[pri:0, instance:execution.ExecuteERPtest@2a17b7b6]" name="LoginTest" duration-ms="1697" started-at="2020-08-08T19:37:58 IST" finished-at="2020-08-08T19:37:59 IST">
          <reporter-output>
          </reporter-output>
        </test-method> <!-- LoginTest -->
        <test-method status="PASS" signature="ClickOnCompanyProfile()[pri:0, instance:execution.ExecuteERPtest@2a17b7b6]" name="ClickOnCompanyProfile" duration-ms="18452" started-at="2020-08-08T19:37:59 IST" depends-on-methods="execution.ExecuteERPtest.LoginTest" finished-at="2020-08-08T19:38:18 IST">
          <reporter-output>
          </reporter-output>
        </test-method> <!-- ClickOnCompanyProfile -->
        <test-method status="PASS" signature="setCompanyProfile()[pri:0, instance:execution.ExecuteERPtest@2a17b7b6]" name="setCompanyProfile" duration-ms="4514" started-at="2020-08-08T19:38:18 IST" depends-on-methods="execution.ExecuteERPtest.ClickOnCompanyProfile" finished-at="2020-08-08T19:38:22 IST">
          <reporter-output>
          </reporter-output>
        </test-method> <!-- setCompanyProfile -->
        <test-method status="PASS" signature="clickOnSettings()[pri:0, instance:execution.ExecuteERPtest@2a17b7b6]" name="clickOnSettings" duration-ms="6509" depends-on-groups="CompanyProfile" started-at="2020-08-08T19:38:22 IST" finished-at="2020-08-08T19:38:29 IST">
          <reporter-output>
          </reporter-output>
        </test-method> <!-- clickOnSettings -->
        <test-method status="PASS" signature="createUser()[pri:0, instance:execution.ExecuteERPtest@2a17b7b6]" name="createUser" duration-ms="5519" started-at="2020-08-08T19:38:29 IST" depends-on-methods="execution.ExecuteERPtest.clickOnSettings" finished-at="2020-08-08T19:38:34 IST">
          <reporter-output>
          </reporter-output>
        </test-method> <!-- createUser -->
        <test-method status="FAIL" signature="assignrole()[pri:0, instance:execution.ExecuteERPtest@2a17b7b6]" name="assignrole" duration-ms="33775" started-at="2020-08-08T19:38:34 IST" depends-on-methods="execution.ExecuteERPtest.createUser" finished-at="2020-08-08T19:39:08 IST">
          <exception class="org.openqa.selenium.NoSuchElementException">
            <message>
              <![CDATA[no such element: Unable to locate element: {"method":"xpath","selector":"//*[@id='w0']/table[1]/descendant::td/input[@value='admin']"}
  (Session info: chrome=84.0.4147.105)
For documentation on this error, please visit: https://www.seleniumhq.org/exceptions/no_such_element.html
Build info: version: '3.141.59', revision: 'e82be7d358', time: '2018-11-14T08:17:03'
System info: host: 'DESKTOP-I1NLBCN', ip: '192.168.18.9', os.name: 'Windows 10', os.arch: 'amd64', os.version: '10.0', java.version: '1.8.0_251'
Driver info: org.openqa.selenium.chrome.ChromeDriver
Capabilities {acceptInsecureCerts: false, browserName: chrome, browserVersion: 84.0.4147.105, chrome: {chromedriverVersion: 83.0.4103.39 (ccbf011cb2d2b..., userDataDir: C:\Users\user\AppData\Local...}, goog:chromeOptions: {debuggerAddress: localhost:59246}, javascriptEnabled: true, networkConnectionEnabled: false, pageLoadStrategy: normal, platform: WINDOWS, platformName: WINDOWS, proxy: Proxy(), setWindowRect: true, strictFileInteractability: false, timeouts: {implicit: 0, pageLoad: 300000, script: 30000}, unhandledPromptBehavior: dismiss and notify, webauthn:virtualAuthenticators: true}
Session ID: 1ede9845609913a76103c9a2d0d2a865
*** Element info: {Using=xpath, value=//*[@id='w0']/table[1]/descendant::td/input[@value='admin']}]]>
            </message>
            <full-stacktrace>
              <![CDATA[org.openqa.selenium.NoSuchElementException: no such element: Unable to locate element: {"method":"xpath","selector":"//*[@id='w0']/table[1]/descendant::td/input[@value='admin']"}
  (Session info: chrome=84.0.4147.105)
For documentation on this error, please visit: https://www.seleniumhq.org/exceptions/no_such_element.html
Build info: version: '3.141.59', revision: 'e82be7d358', time: '2018-11-14T08:17:03'
System info: host: 'DESKTOP-I1NLBCN', ip: '192.168.18.9', os.name: 'Windows 10', os.arch: 'amd64', os.version: '10.0', java.version: '1.8.0_251'
Driver info: org.openqa.selenium.chrome.ChromeDriver
Capabilities {acceptInsecureCerts: false, browserName: chrome, browserVersion: 84.0.4147.105, chrome: {chromedriverVersion: 83.0.4103.39 (ccbf011cb2d2b..., userDataDir: C:\Users\user\AppData\Local...}, goog:chromeOptions: {debuggerAddress: localhost:59246}, javascriptEnabled: true, networkConnectionEnabled: false, pageLoadStrategy: normal, platform: WINDOWS, platformName: WINDOWS, proxy: Proxy(), setWindowRect: true, strictFileInteractability: false, timeouts: {implicit: 0, pageLoad: 300000, script: 30000}, unhandledPromptBehavior: dismiss and notify, webauthn:virtualAuthenticators: true}
Session ID: 1ede9845609913a76103c9a2d0d2a865
*** Element info: {Using=xpath, value=//*[@id='w0']/table[1]/descendant::td/input[@value='admin']}
at sun.reflect.NativeConstructorAccessorImpl.newInstance0(Native Method)
at sun.reflect.NativeConstructorAccessorImpl.newInstance(NativeConstructorAccessorImpl.java:62)
at sun.reflect.DelegatingConstructorAccessorImpl.newInstance(DelegatingConstructorAccessorImpl.java:45)
at java.lang.reflect.Constructor.newInstance(Constructor.java:423)
at org.openqa.selenium.remote.http.W3CHttpResponseCodec.createException(W3CHttpResponseCodec.java:187)
at org.openqa.selenium.remote.http.W3CHttpResponseCodec.decode(W3CHttpResponseCodec.java:122)
at org.openqa.selenium.remote.http.W3CHttpResponseCodec.decode(W3CHttpResponseCodec.java:49)
at org.openqa.selenium.remote.HttpCommandExecutor.execute(HttpCommandExecutor.java:158)
at org.openqa.selenium.remote.service.DriverCommandExecutor.execute(DriverCommandExecutor.java:83)
at org.openqa.selenium.remote.RemoteWebDriver.execute(RemoteWebDriver.java:552)
at org.openqa.selenium.remote.RemoteWebDriver.findElement(RemoteWebDriver.java:323)
at org.openqa.selenium.remote.RemoteWebDriver.findElementByXPath(RemoteWebDriver.java:428)
at org.openqa.selenium.By$ByXPath.findElement(By.java:353)
at org.openqa.selenium.remote.RemoteWebDriver.findElement(RemoteWebDriver.java:315)
at execution.ExecuteERPtest.assignrole(ExecuteERPtest.java:119)
at sun.reflect.NativeMethodAccessorImpl.invoke0(Native Method)
at sun.reflect.NativeMethodAccessorImpl.invoke(NativeMethodAccessorImpl.java:62)
at sun.reflect.DelegatingMethodAccessorImpl.invoke(DelegatingMethodAccessorImpl.java:43)
at java.lang.reflect.Method.invoke(Method.java:498)
at org.testng.internal.MethodInvocationHelper.invokeMethod(MethodInvocationHelper.java:135)
at org.testng.internal.TestInvoker.invokeMethod(TestInvoker.java:598)
at org.testng.internal.TestInvoker.invokeTestMethod(TestInvoker.java:174)
at org.testng.internal.MethodRunner.runInSequence(MethodRunner.java:46)
at org.testng.internal.TestInvoker$MethodInvocationAgent.invoke(TestInvoker.java:821)
at org.testng.internal.TestInvoker.invokeTestMethods(TestInvoker.java:147)
at org.testng.internal.TestMethodWorker.invokeTestMethods(TestMethodWorker.java:146)
at org.testng.internal.TestMethodWorker.run(TestMethodWorker.java:128)
at java.util.ArrayList.forEach(ArrayList.java:1257)
at org.testng.TestRunner.privateRun(TestRunner.java:767)
at org.testng.TestRunner.run(TestRunner.java:588)
at org.testng.SuiteRunner.runTest(SuiteRunner.java:384)
at org.testng.SuiteRunner.runSequentially(SuiteRunner.java:378)
at org.testng.SuiteRunner.privateRun(SuiteRunner.java:337)
at org.testng.SuiteRunner.run(SuiteRunner.java:286)
at org.testng.SuiteRunnerWorker.runSuite(SuiteRunnerWorker.java:53)
at org.testng.SuiteRunnerWorker.run(SuiteRunnerWorker.java:96)
at org.testng.TestNG.runSuitesSequentially(TestNG.java:1214)
at org.testng.TestNG.runSuitesLocally(TestNG.java:1136)
at org.testng.TestNG.runSuites(TestNG.java:1066)
at org.testng.TestNG.run(TestNG.java:1034)
at org.testng.remote.AbstractRemoteTestNG.run(AbstractRemoteTestNG.java:115)
at org.testng.remote.RemoteTestNG.initAndRun(RemoteTestNG.java:251)
at org.testng.remote.RemoteTestNG.main(RemoteTestNG.java:77)
]]>
            </full-stacktrace>
          </exception> <!-- org.openqa.selenium.NoSuchElementException -->
          <reporter-output>
          </reporter-output>
        </test-method> <!-- assignrole -->
      </class> <!-- execution.ExecuteERPtest -->
    </test> <!-- Default test -->
  </suite> <!-- Default suite -->
</testng-results>
