<?xml version="1.0" encoding="UTF-8"?>
<testng-results skipped="0" failed="0" ignored="0" total="6" passed="6">
  <reporter-output>
  </reporter-output>
  <suite name="Default suite" duration-ms="64914" started-at="2020-08-11T18:19:54 IST" finished-at="2020-08-11T18:20:58 IST">
    <groups>
      <group name="settings">
        <method signature="ExecuteERPtest.clickOnSettings()[pri:0, instance:execution.ExecuteERPtest@4f063c0a]" name="clickOnSettings" class="execution.ExecuteERPtest"/>
        <method signature="ExecuteERPtest.createUser()[pri:0, instance:execution.ExecuteERPtest@4f063c0a]" name="createUser" class="execution.ExecuteERPtest"/>
        <method signature="ExecuteERPtest.assignAdminrole()[pri:0, instance:execution.ExecuteERPtest@4f063c0a]" name="assignAdminrole" class="execution.ExecuteERPtest"/>
      </group> <!-- settings -->
      <group name="CompanyProfile">
        <method signature="ExecuteERPtest.ClickOnCompanyProfile()[pri:0, instance:execution.ExecuteERPtest@4f063c0a]" name="ClickOnCompanyProfile" class="execution.ExecuteERPtest"/>
        <method signature="ExecuteERPtest.setCompanyProfile()[pri:0, instance:execution.ExecuteERPtest@4f063c0a]" name="setCompanyProfile" class="execution.ExecuteERPtest"/>
      </group> <!-- CompanyProfile -->
    </groups>
    <test name="Default test" duration-ms="64914" started-at="2020-08-11T18:19:54 IST" finished-at="2020-08-11T18:20:58 IST">
      <class name="execution.ExecuteERPtest">
        <test-method status="PASS" signature="setUp()[pri:0, instance:execution.ExecuteERPtest@4f063c0a]" name="setUp" is-config="true" duration-ms="30421" started-at="2020-08-11T18:19:54 IST" finished-at="2020-08-11T18:20:24 IST">
          <reporter-output>
          </reporter-output>
        </test-method> <!-- setUp -->
        <test-method status="PASS" signature="LoginTest()[pri:0, instance:execution.ExecuteERPtest@4f063c0a]" name="LoginTest" duration-ms="3789" started-at="2020-08-11T18:20:24 IST" finished-at="2020-08-11T18:20:28 IST">
          <reporter-output>
          </reporter-output>
        </test-method> <!-- LoginTest -->
        <test-method status="PASS" signature="ClickOnCompanyProfile()[pri:0, instance:execution.ExecuteERPtest@4f063c0a]" name="ClickOnCompanyProfile" duration-ms="8192" started-at="2020-08-11T18:20:28 IST" depends-on-methods="execution.ExecuteERPtest.LoginTest" finished-at="2020-08-11T18:20:36 IST">
          <reporter-output>
          </reporter-output>
        </test-method> <!-- ClickOnCompanyProfile -->
        <test-method status="PASS" signature="setCompanyProfile()[pri:0, instance:execution.ExecuteERPtest@4f063c0a]" name="setCompanyProfile" duration-ms="4965" started-at="2020-08-11T18:20:36 IST" depends-on-methods="execution.ExecuteERPtest.ClickOnCompanyProfile" finished-at="2020-08-11T18:20:41 IST">
          <reporter-output>
          </reporter-output>
        </test-method> <!-- setCompanyProfile -->
        <test-method status="PASS" signature="clickOnSettings()[pri:0, instance:execution.ExecuteERPtest@4f063c0a]" name="clickOnSettings" duration-ms="5942" depends-on-groups="CompanyProfile" started-at="2020-08-11T18:20:41 IST" finished-at="2020-08-11T18:20:47 IST">
          <reporter-output>
          </reporter-output>
        </test-method> <!-- clickOnSettings -->
        <test-method status="PASS" signature="createUser()[pri:0, instance:execution.ExecuteERPtest@4f063c0a]" name="createUser" duration-ms="6037" started-at="2020-08-11T18:20:47 IST" depends-on-methods="execution.ExecuteERPtest.clickOnSettings" finished-at="2020-08-11T18:20:53 IST">
          <reporter-output>
          </reporter-output>
        </test-method> <!-- createUser -->
        <test-method status="PASS" signature="assignAdminrole()[pri:0, instance:execution.ExecuteERPtest@4f063c0a]" name="assignAdminrole" duration-ms="5096" started-at="2020-08-11T18:20:53 IST" depends-on-methods="execution.ExecuteERPtest.createUser" finished-at="2020-08-11T18:20:58 IST">
          <reporter-output>
          </reporter-output>
        </test-method> <!-- assignAdminrole -->
        <test-method status="PASS" signature="closeBrowser()[pri:0, instance:execution.ExecuteERPtest@4f063c0a]" name="closeBrowser" is-config="true" duration-ms="304" started-at="2020-08-11T18:20:58 IST" finished-at="2020-08-11T18:20:58 IST">
          <reporter-output>
          </reporter-output>
        </test-method> <!-- closeBrowser -->
      </class> <!-- execution.ExecuteERPtest -->
    </test> <!-- Default test -->
  </suite> <!-- Default suite -->
</testng-results>
